<?xml version="1.0" encoding="UTF-8"?>
<!-- Generated by org.testng.reporters.JUnitReportReporter -->
<testsuite hostname="Venkatesh" failures="0" tests="1" name="api.test.UserTest" time="3.123" errors="0" timestamp="2023-07-02T18:22:22 IST" skipped="0">
  <testcase classname="api.test.UserTest" name="testPostUser" time="3.123"/>
</testsuite> <!-- api.test.UserTest -->
