<?xml version="1.0" encoding="UTF-8"?>
<!-- Generated by org.testng.reporters.JUnitReportReporter -->
<testsuite hostname="Venkatesh" failures="0" tests="4" name="api.test.UserTest" time="10.254" errors="0" timestamp="2023-07-03T08:53:11 IST" skipped="0">
  <testcase classname="api.test.UserTest" name="testPostUser" time="3.908"/>
  <testcase classname="api.test.UserTest" name="getuserByName" time="1.645"/>
  <testcase classname="api.test.UserTest" name="updatetheUser" time="3.067"/>
  <testcase classname="api.test.UserTest" name="deleteuser" time="1.634"/>
</testsuite> <!-- api.test.UserTest -->
